<?xml version="1.0" encoding="UTF-8"?>
<robot generator="Robot 5.0.1 (Python 3.8.10 on linux)" generated="20220924 10:09:26.195" rpa="false" schemaversion="3">
<suite id="s1" name="Reactivation" source="/home/aditya/qa/FinalProject2/Reactivation.robot">
<test id="s1-t1" name="Open Deriv" line="11">
<kw name="Set Selenium Speed" library="SeleniumLibrary">
<arg>2</arg>
<doc>Sets the delay that is waited after each Selenium command.</doc>
<status status="PASS" starttime="20220924 10:09:26.281" endtime="20220924 10:09:26.282"/>
</kw>
<kw name="Open Browser" library="SeleniumLibrary">
<arg>https://app.deriv.com/account/closing-account</arg>
<arg>Chrome</arg>
<doc>Opens a new browser instance to the optional ``url``.</doc>
<msg timestamp="20220924 10:09:26.282" level="INFO">Opening browser 'Chrome' to base url 'https://app.deriv.com/account/closing-account'.</msg>
<status status="PASS" starttime="20220924 10:09:26.282" endtime="20220924 10:09:31.463"/>
</kw>
<kw name="Maximize Browser Window" library="SeleniumLibrary">
<doc>Maximizes current browser window.</doc>
<status status="PASS" starttime="20220924 10:09:31.464" endtime="20220924 10:09:35.879"/>
</kw>
<kw name="Input Text" library="SeleniumLibrary">
<arg>//input[@type='email']</arg>
<arg>aditya.bardhan@besquare.com.my</arg>
<doc>Types the given ``text`` into the text field identified by ``locator``.</doc>
<msg timestamp="20220924 10:09:35.880" level="INFO">Typing text 'aditya.bardhan@besquare.com.my' into text field '//input[@type='email']'.</msg>
<status status="PASS" starttime="20220924 10:09:35.879" endtime="20220924 10:09:41.963"/>
</kw>
<kw name="Input Text" library="SeleniumLibrary">
<arg>//input[@type='password']</arg>
<arg>Adi1234!</arg>
<doc>Types the given ``text`` into the text field identified by ``locator``.</doc>
<msg timestamp="20220924 10:09:41.964" level="INFO">Typing text 'Adi1234!' into text field '//input[@type='password']'.</msg>
<status status="PASS" starttime="20220924 10:09:41.963" endtime="20220924 10:09:48.062"/>
</kw>
<kw name="Click Element" library="SeleniumLibrary">
<arg>//button[@type='submit']</arg>
<doc>Click the element identified by ``locator``.</doc>
<msg timestamp="20220924 10:09:48.063" level="INFO">Clicking element '//button[@type='submit']'.</msg>
<status status="PASS" starttime="20220924 10:09:48.062" endtime="20220924 10:09:53.075"/>
</kw>
<kw name="Click Element" library="SeleniumLibrary">
<arg>//button[@id="btnGrant"]</arg>
<doc>Click the element identified by ``locator``.</doc>
<msg timestamp="20220924 10:09:53.076" level="INFO">Clicking element '//button[@id="btnGrant"]'.</msg>
<status status="PASS" starttime="20220924 10:09:53.075" endtime="20220924 10:09:59.073"/>
</kw>
<kw name="Click Element" library="SeleniumLibrary">
<arg>//div[@class="dc-popover__target"]</arg>
<doc>Click the element identified by ``locator``.</doc>
<msg timestamp="20220924 10:09:59.074" level="INFO">Clicking element '//div[@class="dc-popover__target"]'.</msg>
<status status="PASS" starttime="20220924 10:09:59.073" endtime="20220924 10:10:03.174"/>
</kw>
<status status="PASS" starttime="20220924 10:09:26.281" endtime="20220924 10:10:03.175"/>
</test>
<status status="PASS" starttime="20220924 10:09:26.196" endtime="20220924 10:10:03.176"/>
</suite>
<statistics>
<total>
<stat pass="1" fail="0" skip="0">All Tests</stat>
</total>
<tag>
</tag>
<suite>
<stat pass="1" fail="0" skip="0" id="s1" name="Reactivation">Reactivation</stat>
</suite>
</statistics>
<errors>
</errors>
</robot>
