<?xml version="1.0" encoding="UTF-8"?>
<robot generator="Robot 5.0.1 (Python 3.8.10 on linux)" generated="20220923 06:55:07.447" rpa="false" schemaversion="3">
<suite id="s1" name="Delete" source="/home/aditya/qa/FinalProject/Delete.robot">
<test id="s1-t1" name="Open Deriv" line="11">
<kw name="Set Selenium Speed" library="SeleniumLibrary">
<arg>2</arg>
<doc>Sets the delay that is waited after each Selenium command.</doc>
<status status="PASS" starttime="20220923 06:55:07.529" endtime="20220923 06:55:07.529"/>
</kw>
<kw name="Open Browser" library="SeleniumLibrary">
<arg>https://app.deriv.com/account/api-token</arg>
<arg>Chrome</arg>
<doc>Opens a new browser instance to the optional ``url``.</doc>
<msg timestamp="20220923 06:55:07.530" level="INFO">Opening browser 'Chrome' to base url 'https://app.deriv.com/account/api-token'.</msg>
<status status="PASS" starttime="20220923 06:55:07.529" endtime="20220923 06:55:15.857"/>
</kw>
<kw name="Maximize Browser Window" library="SeleniumLibrary">
<doc>Maximizes current browser window.</doc>
<status status="PASS" starttime="20220923 06:55:15.857" endtime="20220923 06:55:17.965"/>
</kw>
<kw name="Input Text" library="SeleniumLibrary">
<arg>//input[@type='email']</arg>
<arg>aditya.bardhan@besquare.com.my</arg>
<doc>Types the given ``text`` into the text field identified by ``locator``.</doc>
<msg timestamp="20220923 06:55:17.967" level="INFO">Typing text 'aditya.bardhan@besquare.com.my' into text field '//input[@type='email']'.</msg>
<status status="PASS" starttime="20220923 06:55:17.966" endtime="20220923 06:55:24.096"/>
</kw>
<kw name="Input Text" library="SeleniumLibrary">
<arg>//input[@type='password']</arg>
<arg>Adi1234!</arg>
<doc>Types the given ``text`` into the text field identified by ``locator``.</doc>
<msg timestamp="20220923 06:55:24.097" level="INFO">Typing text 'Adi1234!' into text field '//input[@type='password']'.</msg>
<status status="PASS" starttime="20220923 06:55:24.097" endtime="20220923 06:55:30.183"/>
</kw>
<kw name="Click Element" library="SeleniumLibrary">
<arg>//button[@type='submit']</arg>
<doc>Click the element identified by ``locator``.</doc>
<msg timestamp="20220923 06:55:30.183" level="INFO">Clicking element '//button[@type='submit']'.</msg>
<status status="PASS" starttime="20220923 06:55:30.183" endtime="20220923 06:55:35.756"/>
</kw>
<status status="PASS" starttime="20220923 06:55:07.528" endtime="20220923 06:55:35.759"/>
</test>
<test id="s1-t2" name="Testcase" line="25">
<kw name="Get Element Count" library="SeleniumLibrary">
<arg>//table[@class='da-api-token__table']//tbody//tr</arg>
<doc>Returns the number of elements matching ``locator``.</doc>
<status status="PASS" starttime="20220923 06:55:35.761" endtime="20220923 06:55:37.792"/>
</kw>
<status status="PASS" starttime="20220923 06:55:35.760" endtime="20220923 06:55:37.793"/>
</test>
<status status="PASS" starttime="20220923 06:55:07.447" endtime="20220923 06:55:37.795"/>
</suite>
<statistics>
<total>
<stat pass="2" fail="0" skip="0">All Tests</stat>
</total>
<tag>
</tag>
<suite>
<stat pass="2" fail="0" skip="0" id="s1" name="Delete">Delete</stat>
</suite>
</statistics>
<errors>
</errors>
</robot>
