<?xml version="1.0" encoding="UTF-8"?>
<robot generator="Robot 5.0.1 (Python 3.8.10 on linux)" generated="20220925 17:35:26.152" rpa="false" schemaversion="3">
<suite id="s1" name="Task5" source="/home/aditya/qa/Day7Tasks/Task5.robot">
<test id="s1-t1" name="Open Deriv" line="13">
<kw name="Set Selenium Speed" library="SeleniumLibrary">
<arg>2</arg>
<doc>Sets the delay that is waited after each Selenium command.</doc>
<status status="PASS" starttime="20220925 17:35:26.253" endtime="20220925 17:35:26.253"/>
</kw>
<kw name="Open Browser" library="SeleniumLibrary">
<arg>https://www.deriv.com</arg>
<arg>Chrome</arg>
<doc>Opens a new browser instance to the optional ``url``.</doc>
<msg timestamp="20220925 17:35:26.254" level="INFO">Opening browser 'Chrome' to base url 'https://www.deriv.com'.</msg>
<status status="PASS" starttime="20220925 17:35:26.253" endtime="20220925 17:35:30.442"/>
</kw>
<kw name="Wait Until Page Contains Element" library="SeleniumLibrary">
<arg>//div[@class="box__Box-sc-1o0ob9m-0 flex__Flex-sc-1egy8w4-0 hUPPDK bYHlAs"]</arg>
<arg>30</arg>
<doc>Waits until the element ``locator`` appears on the current page.</doc>
<status status="PASS" starttime="20220925 17:35:30.443" endtime="20220925 17:35:32.472"/>
</kw>
<kw name="Maximize Browser Window" library="SeleniumLibrary">
<doc>Maximizes current browser window.</doc>
<status status="PASS" starttime="20220925 17:35:32.472" endtime="20220925 17:35:34.597"/>
</kw>
<kw name="Click Element" library="SeleniumLibrary">
<arg>dm-nav-login-button</arg>
<doc>Click the element identified by ``locator``.</doc>
<msg timestamp="20220925 17:35:34.598" level="INFO">Clicking element 'dm-nav-login-button'.</msg>
<status status="PASS" starttime="20220925 17:35:34.598" endtime="20220925 17:35:40.994"/>
</kw>
<kw name="Input Text" library="SeleniumLibrary">
<arg>//input[@type='email']</arg>
<arg>aditya.bardhan@besquare.com.my</arg>
<doc>Types the given ``text`` into the text field identified by ``locator``.</doc>
<msg timestamp="20220925 17:35:40.995" level="INFO">Typing text 'aditya.bardhan@besquare.com.my' into text field '//input[@type='email']'.</msg>
<status status="PASS" starttime="20220925 17:35:40.995" endtime="20220925 17:35:47.083"/>
</kw>
<kw name="Input Text" library="SeleniumLibrary">
<arg>//input[@type='password']</arg>
<arg>Adi1234!</arg>
<doc>Types the given ``text`` into the text field identified by ``locator``.</doc>
<msg timestamp="20220925 17:35:47.084" level="INFO">Typing text 'Adi1234!' into text field '//input[@type='password']'.</msg>
<status status="PASS" starttime="20220925 17:35:47.084" endtime="20220925 17:35:53.205"/>
</kw>
<kw name="Click Element" library="SeleniumLibrary">
<arg>//button[@type='submit']</arg>
<doc>Click the element identified by ``locator``.</doc>
<msg timestamp="20220925 17:35:53.206" level="INFO">Clicking element '//button[@type='submit']'.</msg>
<status status="PASS" starttime="20220925 17:35:53.206" endtime="20220925 17:36:00.582"/>
</kw>
<kw name="Wait Until Page Does Not Contain Element" library="SeleniumLibrary">
<arg>//*[@class="barspinner barspinner--light"]</arg>
<arg>5</arg>
<doc>Waits until the element ``locator`` disappears from the current page.</doc>
<status status="PASS" starttime="20220925 17:36:00.582" endtime="20220925 17:36:04.851"/>
</kw>
<kw name="Wait Until Page Contains Element" library="SeleniumLibrary">
<arg>//div[@class="btn-purchase__effect-detail"]</arg>
<arg>30</arg>
<doc>Waits until the element ``locator`` appears on the current page.</doc>
<status status="PASS" starttime="20220925 17:36:04.851" endtime="20220925 17:36:06.878"/>
</kw>
<kw name="Click Element" library="SeleniumLibrary">
<arg>dt_core_account-info_acc-info</arg>
<doc>Click the element identified by ``locator``.</doc>
<msg timestamp="20220925 17:36:06.879" level="INFO">Clicking element 'dt_core_account-info_acc-info'.</msg>
<status status="PASS" starttime="20220925 17:36:06.878" endtime="20220925 17:36:10.994"/>
</kw>
<kw name="Click Element" library="SeleniumLibrary">
<arg>dt_core_account-switcher_demo-tab</arg>
<doc>Click the element identified by ``locator``.</doc>
<msg timestamp="20220925 17:36:10.995" level="INFO">Clicking element 'dt_core_account-switcher_demo-tab'.</msg>
<status status="PASS" starttime="20220925 17:36:10.994" endtime="20220925 17:36:15.093"/>
</kw>
<kw name="Wait Until Page Contains Element" library="SeleniumLibrary">
<arg>//div[@class="acc-switcher__list"]</arg>
<arg>30</arg>
<doc>Waits until the element ``locator`` appears on the current page.</doc>
<status status="PASS" starttime="20220925 17:36:15.094" endtime="20220925 17:36:17.120"/>
</kw>
<kw name="Click Element" library="SeleniumLibrary">
<arg>//*[@class="acc-switcher__id"]</arg>
<doc>Click the element identified by ``locator``.</doc>
<msg timestamp="20220925 17:36:17.121" level="INFO">Clicking element '//*[@class="acc-switcher__id"]'.</msg>
<status status="PASS" starttime="20220925 17:36:17.121" endtime="20220925 17:36:21.374"/>
</kw>
<kw name="Wait Until Page Contains Element" library="SeleniumLibrary">
<arg>//*[@class="dc-icon acc-info__id-icon acc-info__id-icon--virtual"]</arg>
<arg>30</arg>
<doc>Waits until the element ``locator`` appears on the current page.</doc>
<status status="PASS" starttime="20220925 17:36:21.374" endtime="20220925 17:36:23.474"/>
</kw>
<status status="PASS" starttime="20220925 17:35:26.252" endtime="20220925 17:36:23.475"/>
</test>
<status status="PASS" starttime="20220925 17:35:26.152" endtime="20220925 17:36:23.477"/>
</suite>
<statistics>
<total>
<stat pass="1" fail="0" skip="0">All Tests</stat>
</total>
<tag>
</tag>
<suite>
<stat pass="1" fail="0" skip="0" id="s1" name="Task5">Task5</stat>
</suite>
</statistics>
<errors>
</errors>
</robot>
